--------------- Build Started: 04/28/2016 18:58:27 Project: USBFS_UART02, Configuration: DP8051 Keil 9.51 Debug ---------------
cydsfit.exe -.appdatapath "C:\Users\Hanna Lee\AppData\Local\Cypress Semiconductor\PSoC Creator\3.3" -.fdsnotice -.fdswarpdepfile=warp_dependencies.txt -.fdselabdepfile=elab_dependencies.txt -.fdsbldfile=generated_files.txt -p "C:\Users\Hanna Lee\Documents\PSoC Creator\final_project\USBFS_UART02.cydsn\USBFS_UART02.cyprj" -d CY8C3866AXI-040 -s "C:\Users\Hanna Lee\Documents\PSoC Creator\final_project\USBFS_UART02.cydsn\Generated_Source\PSoC3" -- -yv2 -q10 -ygs -o2 -v3 -.fftcfgtype=BE
Elaborating Design...
HDL Generation ...
Synthesis ...
Place and Route ...
Tech mapping ...
ADD: pft.M0040: information: The following 6 pin(s) will be assigned a location by the fitter: \LCD:LCDPort(1)\, \LCD:LCDPort(2)\, \LCD:LCDPort(3)\, \LCD:LCDPort(4)\, \LCD:LCDPort(5)\, \LCD:LCDPort(6)\
Analog Placement ...
Analog Routing ...
Analog Code Generation ...
Digital Placement ...
Digital Routing ...
Bitstream Generation ...
Static timing analysis ...
API Generation ...
Dependency Generation ...
Clean Temporary Files ...
c51.exe .\main.c NOIV LARGE MODDP2 OMF2 VB(1) NOIP "INCDIR(., Generated_Source\PSoC3)" FF(3) DB WL(2) PR(.\DP8051_Keil_951\Debug/main.lst) CD OT(2 ,Size) OJ(.\DP8051_Keil_951\Debug\main.obj)
c51.exe .\Generated_Source\PSoC3\cyfitter_cfg.c NOIV LARGE MODDP2 OMF2 VB(1) NOIP "INCDIR(., Generated_Source\PSoC3)" FF(3) DB WL(2) PR(.\DP8051_Keil_951\Debug/cyfitter_cfg.lst) CD OT(2 ,Size) OJ(.\DP8051_Keil_951\Debug\cyfitter_cfg.obj)
c51.exe .\Generated_Source\PSoC3\USBUART.c NOIV LARGE MODDP2 OMF2 VB(1) NOIP "INCDIR(., Generated_Source\PSoC3)" FF(3) DB WL(2) PR(.\DP8051_Keil_951\Debug/USBUART.lst) CD OT(2 ,Size) OJ(.\DP8051_Keil_951\Debug\USBUART.obj)
c51.exe .\Generated_Source\PSoC3\USBUART_audio.c NOIV LARGE MODDP2 OMF2 VB(1) NOIP "INCDIR(., Generated_Source\PSoC3)" FF(3) DB WL(2) PR(.\DP8051_Keil_951\Debug/USBUART_audio.lst) CD OT(2 ,Size) OJ(.\DP8051_Keil_951\Debug\USBUART_audio.obj)
c51.exe .\Generated_Source\PSoC3\USBUART_boot.c NOIV LARGE MODDP2 OMF2 VB(1) NOIP "INCDIR(., Generated_Source\PSoC3)" FF(3) DB WL(2) PR(.\DP8051_Keil_951\Debug/USBUART_boot.lst) CD OT(2 ,Size) OJ(.\DP8051_Keil_951\Debug\USBUART_boot.obj)
c51.exe .\Generated_Source\PSoC3\USBUART_cdc.c NOIV LARGE MODDP2 OMF2 VB(1) NOIP "INCDIR(., Generated_Source\PSoC3)" FF(3) DB WL(2) PR(.\DP8051_Keil_951\Debug/USBUART_cdc.lst) CD OT(2 ,Size) OJ(.\DP8051_Keil_951\Debug\USBUART_cdc.obj)
c51.exe .\Generated_Source\PSoC3\USBUART_cls.c NOIV LARGE MODDP2 OMF2 VB(1) NOIP "INCDIR(., Generated_Source\PSoC3)" FF(3) DB WL(2) PR(.\DP8051_Keil_951\Debug/USBUART_cls.lst) CD OT(2 ,Size) OJ(.\DP8051_Keil_951\Debug\USBUART_cls.obj)
c51.exe .\Generated_Source\PSoC3\USBUART_descr.c NOIV LARGE MODDP2 OMF2 VB(1) NOIP "INCDIR(., Generated_Source\PSoC3)" FF(3) DB WL(2) PR(.\DP8051_Keil_951\Debug/USBUART_descr.lst) CD OT(2 ,Size) OJ(.\DP8051_Keil_951\Debug\USBUART_descr.obj)
c51.exe .\Generated_Source\PSoC3\USBUART_drv.c NOIV LARGE MODDP2 OMF2 VB(1) NOIP "INCDIR(., Generated_Source\PSoC3)" FF(3) DB WL(2) PR(.\DP8051_Keil_951\Debug/USBUART_drv.lst) CD OT(2 ,Size) OJ(.\DP8051_Keil_951\Debug\USBUART_drv.obj)
c51.exe .\Generated_Source\PSoC3\USBUART_episr.c NOIV LARGE MODDP2 OMF2 VB(1) NOIP "INCDIR(., Generated_Source\PSoC3)" FF(3) DB WL(2) PR(.\DP8051_Keil_951\Debug/USBUART_episr.lst) CD OT(2 ,Size) OJ(.\DP8051_Keil_951\Debug\USBUART_episr.obj)
c51.exe .\Generated_Source\PSoC3\USBUART_hid.c NOIV LARGE MODDP2 OMF2 VB(1) NOIP "INCDIR(., Generated_Source\PSoC3)" FF(3) DB WL(2) PR(.\DP8051_Keil_951\Debug/USBUART_hid.lst) CD OT(2 ,Size) OJ(.\DP8051_Keil_951\Debug\USBUART_hid.obj)
c51.exe .\Generated_Source\PSoC3\USBUART_pm.c NOIV LARGE MODDP2 OMF2 VB(1) NOIP "INCDIR(., Generated_Source\PSoC3)" FF(3) DB WL(2) PR(.\DP8051_Keil_951\Debug/USBUART_pm.lst) CD OT(2 ,Size) OJ(.\DP8051_Keil_951\Debug\USBUART_pm.obj)
c51.exe .\Generated_Source\PSoC3\USBUART_std.c NOIV LARGE MODDP2 OMF2 VB(1) NOIP "INCDIR(., Generated_Source\PSoC3)" FF(3) DB WL(2) PR(.\DP8051_Keil_951\Debug/USBUART_std.lst) CD OT(2 ,Size) OJ(.\DP8051_Keil_951\Debug\USBUART_std.obj)
c51.exe .\Generated_Source\PSoC3\USBUART_vnd.c NOIV LARGE MODDP2 OMF2 VB(1) NOIP "INCDIR(., Generated_Source\PSoC3)" FF(3) DB WL(2) PR(.\DP8051_Keil_951\Debug/USBUART_vnd.lst) CD OT(2 ,Size) OJ(.\DP8051_Keil_951\Debug\USBUART_vnd.obj)
c51.exe .\Generated_Source\PSoC3\USBUART_midi.c NOIV LARGE MODDP2 OMF2 VB(1) NOIP "INCDIR(., Generated_Source\PSoC3)" FF(3) DB WL(2) PR(.\DP8051_Keil_951\Debug/USBUART_midi.lst) CD OT(2 ,Size) OJ(.\DP8051_Keil_951\Debug\USBUART_midi.obj)
c51.exe .\Generated_Source\PSoC3\USBUART_msc.c NOIV LARGE MODDP2 OMF2 VB(1) NOIP "INCDIR(., Generated_Source\PSoC3)" FF(3) DB WL(2) PR(.\DP8051_Keil_951\Debug/USBUART_msc.lst) CD OT(2 ,Size) OJ(.\DP8051_Keil_951\Debug\USBUART_msc.obj)
c51.exe .\Generated_Source\PSoC3\LCD.c NOIV LARGE MODDP2 OMF2 VB(1) NOIP "INCDIR(., Generated_Source\PSoC3)" FF(3) DB WL(2) PR(.\DP8051_Keil_951\Debug/LCD.lst) CD OT(2 ,Size) OJ(.\DP8051_Keil_951\Debug\LCD.obj)
c51.exe .\Generated_Source\PSoC3\LCD_PM.c NOIV LARGE MODDP2 OMF2 VB(1) NOIP "INCDIR(., Generated_Source\PSoC3)" FF(3) DB WL(2) PR(.\DP8051_Keil_951\Debug/LCD_PM.lst) CD OT(2 ,Size) OJ(.\DP8051_Keil_951\Debug\LCD_PM.obj)
c51.exe .\Generated_Source\PSoC3\USBUART_Dm.c NOIV LARGE MODDP2 OMF2 VB(1) NOIP "INCDIR(., Generated_Source\PSoC3)" FF(3) DB WL(2) PR(.\DP8051_Keil_951\Debug/USBUART_Dm.lst) CD OT(2 ,Size) OJ(.\DP8051_Keil_951\Debug\USBUART_Dm.obj)
c51.exe .\Generated_Source\PSoC3\USBUART_Dp.c NOIV LARGE MODDP2 OMF2 VB(1) NOIP "INCDIR(., Generated_Source\PSoC3)" FF(3) DB WL(2) PR(.\DP8051_Keil_951\Debug/USBUART_Dp.lst) CD OT(2 ,Size) OJ(.\DP8051_Keil_951\Debug\USBUART_Dp.obj)
c51.exe .\Generated_Source\PSoC3\LCD_LCDPort.c NOIV LARGE MODDP2 OMF2 VB(1) NOIP "INCDIR(., Generated_Source\PSoC3)" FF(3) DB WL(2) PR(.\DP8051_Keil_951\Debug/LCD_LCDPort.lst) CD OT(2 ,Size) OJ(.\DP8051_Keil_951\Debug\LCD_LCDPort.obj)
c51.exe .\Generated_Source\PSoC3\CyScBoostClk.c NOIV LARGE MODDP2 OMF2 VB(1) NOIP "INCDIR(., Generated_Source\PSoC3)" FF(3) DB WL(2) PR(.\DP8051_Keil_951\Debug/CyScBoostClk.lst) CD OT(2 ,Size) OJ(.\DP8051_Keil_951\Debug\CyScBoostClk.obj)
Ax51.exe .\Generated_Source\PSoC3\CyBootAsmKeil.a51 CASE EP "INCDIR(., Generated_Source\PSoC3)" DB MACRO NOCO PR(.\DP8051_Keil_951\Debug/CyBootAsmKeil.lst) OJ(.\DP8051_Keil_951\Debug\CyBootAsmKeil.obj)
c51.exe .\Generated_Source\PSoC3\CyDmac.c NOIV LARGE MODDP2 OMF2 VB(1) NOIP "INCDIR(., Generated_Source\PSoC3)" FF(3) DB WL(2) PR(.\DP8051_Keil_951\Debug/CyDmac.lst) CD OT(2 ,Size) OJ(.\DP8051_Keil_951\Debug\CyDmac.obj)
c51.exe .\Generated_Source\PSoC3\CyFlash.c NOIV LARGE MODDP2 OMF2 VB(1) NOIP "INCDIR(., Generated_Source\PSoC3)" FF(3) DB WL(2) PR(.\DP8051_Keil_951\Debug/CyFlash.lst) CD OT(2 ,Size) OJ(.\DP8051_Keil_951\Debug\CyFlash.obj)
c51.exe .\Generated_Source\PSoC3\CyLib.c NOIV LARGE MODDP2 OMF2 VB(1) NOIP "INCDIR(., Generated_Source\PSoC3)" FF(3) DB WL(2) PR(.\DP8051_Keil_951\Debug/CyLib.lst) CD OT(2 ,Size) OJ(.\DP8051_Keil_951\Debug\CyLib.obj)
Ax51.exe .\Generated_Source\PSoC3\cymem.a51 CASE EP "INCDIR(., Generated_Source\PSoC3)" DB MACRO NOCO PR(.\DP8051_Keil_951\Debug/cymem.lst) OJ(.\DP8051_Keil_951\Debug\cymem.obj)
c51.exe .\Generated_Source\PSoC3\cyPm.c NOIV LARGE MODDP2 OMF2 VB(1) NOIP "INCDIR(., Generated_Source\PSoC3)" FF(3) DB WL(2) PR(.\DP8051_Keil_951\Debug/cyPm.lst) CD OT(2 ,Size) OJ(.\DP8051_Keil_951\Debug\cyPm.obj)
c51.exe .\Generated_Source\PSoC3\CySpc.c NOIV LARGE MODDP2 OMF2 VB(1) NOIP "INCDIR(., Generated_Source\PSoC3)" FF(3) DB WL(2) PR(.\DP8051_Keil_951\Debug/CySpc.lst) CD OT(2 ,Size) OJ(.\DP8051_Keil_951\Debug\CySpc.obj)
c51.exe .\Generated_Source\PSoC3\cyutils.c NOIV LARGE MODDP2 OMF2 VB(1) NOIP "INCDIR(., Generated_Source\PSoC3)" FF(3) DB WL(2) PR(.\DP8051_Keil_951\Debug/cyutils.lst) CD OT(2 ,Size) OJ(.\DP8051_Keil_951\Debug\cyutils.obj)
Ax51.exe .\Generated_Source\PSoC3\KeilStart.a51 CASE EP "INCDIR(., Generated_Source\PSoC3)" DB MACRO NOCO PR(.\DP8051_Keil_951\Debug/KeilStart.lst) OJ(.\DP8051_Keil_951\Debug\KeilStart.obj)
LIBX51.exe TRANSFER '.\DP8051_Keil_951\Debug\cyfitter_cfg.obj', '.\DP8051_Keil_951\Debug\USBUART.obj', '.\DP8051_Keil_951\Debug\USBUART_audio.obj', '.\DP8051_Keil_951\Debug\USBUART_boot.obj', '.\DP8051_Keil_951\Debug\USBUART_cdc.obj', '.\DP8051_Keil_951\Debug\USBUART_cls.obj', '.\DP8051_Keil_951\Debug\USBUART_descr.obj', '.\DP8051_Keil_951\Debug\USBUART_drv.obj', '.\DP8051_Keil_951\Debug\USBUART_episr.obj', '.\DP8051_Keil_951\Debug\USBUART_hid.obj', '.\DP8051_Keil_951\Debug\USBUART_pm.obj', '.\DP8051_Keil_951\Debug\USBUART_std.obj', '.\DP8051_Keil_951\Debug\USBUART_vnd.obj', '.\DP8051_Keil_951\Debug\USBUART_midi.obj', '.\DP8051_Keil_951\Debug\USBUART_msc.obj', '.\DP8051_Keil_951\Debug\LCD.obj', '.\DP8051_Keil_951\Debug\LCD_PM.obj', '.\DP8051_Keil_951\Debug\USBUART_Dm.obj', '.\DP8051_Keil_951\Debug\USBUART_Dp.obj', '.\DP8051_Keil_951\Debug\LCD_LCDPort.obj', '.\DP8051_Keil_951\Debug\CyScBoostClk.obj', '.\DP8051_Keil_951\Debug\CyBootAsmKeil.obj', '.\DP8051_Keil_951\Debug\CyDmac.obj', '.\DP8051_Keil_951\Debug\CyFlash.obj', '.\DP8051_Keil_951\Debug\CyLib.obj', '.\DP8051_Keil_951\Debug\cymem.obj', '.\DP8051_Keil_951\Debug\cyPm.obj', '.\DP8051_Keil_951\Debug\CySpc.obj', '.\DP8051_Keil_951\Debug\cyutils.obj', '.\DP8051_Keil_951\Debug\KeilStart.obj' TO '.\DP8051_Keil_951\Debug\USBFS_UART02.lib'
LX51.exe '.\DP8051_Keil_951\Debug\main.obj', '.\DP8051_Keil_951\Debug\USBFS_UART02.lib', 'C:\Program Files (x86)\Cypress\PSoC Creator\3.3\PSoC Creator\psoc\content\cycomponentlibrary\CyComponentLibrary.cylib\DP8051\DP8051_Keil_951\Debug\CyComponentLibrary.lib' TO '.\DP8051_Keil_951\Debug\USBFS_UART02.omf' CODE RU RC(10) DW(16) WL(2) PR(.\DP8051_Keil_951\Debug/USBFS_UART02.map) IX CL(XDATA(X:0x0000-X:0x1FFF)) CL(CODE(C:0x0000-C:0xFFFF)) CL(CONST(C:0x0000-C:0xFFFF))
Program Size: data=17.1 xdata=494 const=599 code=17572
OHx51.exe USBFS_UART02.omf HEXFILE(USBFS_UART02.ihx)
c8051-elf-omf2elf.exe USBFS_UART02.omf USBFS_UART02.elf
cyhextool -o .\DP8051_Keil_951\Debug\USBFS_UART02.hex -f .\DP8051_Keil_951\Debug\USBFS_UART02.ihx -prot .\Generated_Source\PSoC3\protect.hex -id 1E028069 -a EEPROM=90200000:800,PROGRAM=00000000:10000,CONFIG=80000000:2000,PROTECT=90400000:40 -meta 0301 -cunv 0800C005 -wonv BC90ACAF -ecc OFF
Flash used: 18176 of 65536 bytes (27.7 %).
SRAM used: 494 of 8192 bytes (6.0 %).
--------------- Build Succeeded: 04/28/2016 18:59:51 ---------------
