ARM GAS  C:\Users\HANNAL~1\AppData\Local\Temp\cccAj42q.s 			page 1


   1              		.syntax unified
   2              		.cpu cortex-m3
   3              		.fpu softvfp
   4              		.eabi_attribute 20, 1
   5              		.eabi_attribute 21, 1
   6              		.eabi_attribute 23, 3
   7              		.eabi_attribute 24, 1
   8              		.eabi_attribute 25, 1
   9              		.eabi_attribute 26, 1
  10              		.eabi_attribute 30, 1
  11              		.eabi_attribute 34, 1
  12              		.eabi_attribute 18, 4
  13              		.thumb
  14              		.file	"cymetadata.c"
  15              		.text
  16              	.Ltext0:
  17              		.cfi_sections	.debug_frame
  18              		.global	cy_metadata
  19              		.global	cy_meta_flashprotect
  20              		.global	cy_meta_wonvl
  21              		.global	cy_meta_custnvl
  22              		.global	cy_meta_configecc
  23              		.section	.cyconfigecc,"a",%progbits
  24              		.align	2
  25              		.type	cy_meta_configecc, %object
  26              		.size	cy_meta_configecc, 1468
  27              	cy_meta_configecc:
  28 0000 02       		.byte	2
  29 0001 52       		.byte	82
  30 0002 00       		.byte	0
  31 0003 40       		.byte	64
  32 0004 02       		.byte	2
  33 0005 64       		.byte	100
  34 0006 00       		.byte	0
  35 0007 40       		.byte	64
  36 0008 02       		.byte	2
  37 0009 65       		.byte	101
  38 000a 00       		.byte	0
  39 000b 40       		.byte	64
  40 000c 01       		.byte	1
  41 000d 05       		.byte	5
  42 000e 01       		.byte	1
  43 000f 40       		.byte	64
  44 0010 09       		.byte	9
  45 0011 08       		.byte	8
  46 0012 01       		.byte	1
  47 0013 40       		.byte	64
  48 0014 40       		.byte	64
  49 0015 09       		.byte	9
  50 0016 01       		.byte	1
  51 0017 40       		.byte	64
  52 0018 5B       		.byte	91
  53 0019 0A       		.byte	10
  54 001a 01       		.byte	1
  55 001b 40       		.byte	64
  56 001c 40       		.byte	64
  57 001d 0B       		.byte	11
ARM GAS  C:\Users\HANNAL~1\AppData\Local\Temp\cccAj42q.s 			page 2


  58 001e 01       		.byte	1
  59 001f 40       		.byte	64
  60 0020 01       		.byte	1
  61 0021 0D       		.byte	13
  62 0022 01       		.byte	1
  63 0023 40       		.byte	64
  64 0024 01       		.byte	1
  65 0025 0F       		.byte	15
  66 0026 01       		.byte	1
  67 0027 40       		.byte	64
  68 0028 01       		.byte	1
  69 0029 15       		.byte	21
  70 002a 01       		.byte	1
  71 002b 40       		.byte	64
  72 002c 01       		.byte	1
  73 002d 17       		.byte	23
  74 002e 01       		.byte	1
  75 002f 40       		.byte	64
  76 0030 51       		.byte	81
  77 0031 18       		.byte	24
  78 0032 01       		.byte	1
  79 0033 40       		.byte	64
  80 0034 50       		.byte	80
  81 0035 19       		.byte	25
  82 0036 01       		.byte	1
  83 0037 40       		.byte	64
  84 0038 09       		.byte	9
  85 0039 1A       		.byte	26
  86 003a 01       		.byte	1
  87 003b 40       		.byte	64
  88 003c 43       		.byte	67
  89 003d 1B       		.byte	27
  90 003e 01       		.byte	1
  91 003f 40       		.byte	64
  92 0040 03       		.byte	3
  93 0041 40       		.byte	64
  94 0042 01       		.byte	1
  95 0043 40       		.byte	64
  96 0044 02       		.byte	2
  97 0045 41       		.byte	65
  98 0046 01       		.byte	1
  99 0047 40       		.byte	64
 100 0048 04       		.byte	4
 101 0049 42       		.byte	66
 102 004a 01       		.byte	1
 103 004b 40       		.byte	64
 104 004c 01       		.byte	1
 105 004d 43       		.byte	67
 106 004e 01       		.byte	1
 107 004f 40       		.byte	64
 108 0050 04       		.byte	4
 109 0051 44       		.byte	68
 110 0052 01       		.byte	1
 111 0053 40       		.byte	64
 112 0054 06       		.byte	6
 113 0055 45       		.byte	69
 114 0056 01       		.byte	1
ARM GAS  C:\Users\HANNAL~1\AppData\Local\Temp\cccAj42q.s 			page 3


 115 0057 40       		.byte	64
 116 0058 06       		.byte	6
 117 0059 46       		.byte	70
 118 005a 01       		.byte	1
 119 005b 40       		.byte	64
 120 005c 03       		.byte	3
 121 005d 47       		.byte	71
 122 005e 01       		.byte	1
 123 005f 40       		.byte	64
 124 0060 05       		.byte	5
 125 0061 48       		.byte	72
 126 0062 01       		.byte	1
 127 0063 40       		.byte	64
 128 0064 01       		.byte	1
 129 0065 49       		.byte	73
 130 0066 01       		.byte	1
 131 0067 40       		.byte	64
 132 0068 09       		.byte	9
 133 0069 4C       		.byte	76
 134 006a 01       		.byte	1
 135 006b 40       		.byte	64
 136 006c 04       		.byte	4
 137 006d 4D       		.byte	77
 138 006e 01       		.byte	1
 139 006f 40       		.byte	64
 140 0070 04       		.byte	4
 141 0071 50       		.byte	80
 142 0072 01       		.byte	1
 143 0073 40       		.byte	64
 144 0074 01       		.byte	1
 145 0075 51       		.byte	81
 146 0076 01       		.byte	1
 147 0077 40       		.byte	64
 148 0078 0C       		.byte	12
 149 0079 40       		.byte	64
 150 007a 10       		.byte	16
 151 007b 40       		.byte	64
 152 007c 88       		.byte	-120
 153 007d 0F       		.byte	15
 154 007e 8A       		.byte	-118
 155 007f 0F       		.byte	15
 156 0080 89       		.byte	-119
 157 0081 38       		.byte	56
 158 0082 8A       		.byte	-118
 159 0083 72       		.byte	114
 160 0084 E2       		.byte	-30
 161 0085 04       		.byte	4
 162 0086 9E       		.byte	-98
 163 0087 01       		.byte	1
 164 0088 A2       		.byte	-94
 165 0089 01       		.byte	1
 166 008a AE       		.byte	-82
 167 008b 02       		.byte	2
 168 008c B0       		.byte	-80
 169 008d 02       		.byte	2
 170 008e B2       		.byte	-78
 171 008f 01       		.byte	1
ARM GAS  C:\Users\HANNAL~1\AppData\Local\Temp\cccAj42q.s 			page 4


 172 0090 BE       		.byte	-66
 173 0091 04       		.byte	4
 174 0092 D8       		.byte	-40
 175 0093 04       		.byte	4
 176 0094 DC       		.byte	-36
 177 0095 02       		.byte	2
 178 0096 DF       		.byte	-33
 179 0097 01       		.byte	1
 180 0098 04       		.byte	4
 181 0099 04       		.byte	4
 182 009a 05       		.byte	5
 183 009b 02       		.byte	2
 184 009c 07       		.byte	7
 185 009d 09       		.byte	9
 186 009e 0A       		.byte	10
 187 009f 41       		.byte	65
 188 00a0 0B       		.byte	11
 189 00a1 80       		.byte	-128
 190 00a2 0C       		.byte	12
 191 00a3 80       		.byte	-128
 192 00a4 0E       		.byte	14
 193 00a5 A8       		.byte	-88
 194 00a6 0F       		.byte	15
 195 00a7 10       		.byte	16
 196 00a8 10       		.byte	16
 197 00a9 02       		.byte	2
 198 00aa 12       		.byte	18
 199 00ab 40       		.byte	64
 200 00ac 15       		.byte	21
 201 00ad 01       		.byte	1
 202 00ae 17       		.byte	23
 203 00af 14       		.byte	20
 204 00b0 1A       		.byte	26
 205 00b1 80       		.byte	-128
 206 00b2 1B       		.byte	27
 207 00b3 04       		.byte	4
 208 00b4 1C       		.byte	28
 209 00b5 04       		.byte	4
 210 00b6 1D       		.byte	29
 211 00b7 04       		.byte	4
 212 00b8 1F       		.byte	31
 213 00b9 41       		.byte	65
 214 00ba 25       		.byte	37
 215 00bb 14       		.byte	20
 216 00bc 26       		.byte	38
 217 00bd 44       		.byte	68
 218 00be 27       		.byte	39
 219 00bf 28       		.byte	40
 220 00c0 2D       		.byte	45
 221 00c1 81       		.byte	-127
 222 00c2 2E       		.byte	46
 223 00c3 08       		.byte	8
 224 00c4 36       		.byte	54
 225 00c5 40       		.byte	64
 226 00c6 37       		.byte	55
 227 00c7 25       		.byte	37
 228 00c8 3E       		.byte	62
ARM GAS  C:\Users\HANNAL~1\AppData\Local\Temp\cccAj42q.s 			page 5


 229 00c9 04       		.byte	4
 230 00ca 3F       		.byte	63
 231 00cb 12       		.byte	18
 232 00cc 45       		.byte	69
 233 00cd 16       		.byte	22
 234 00ce 46       		.byte	70
 235 00cf 08       		.byte	8
 236 00d0 4A       		.byte	74
 237 00d1 01       		.byte	1
 238 00d2 4B       		.byte	75
 239 00d3 40       		.byte	64
 240 00d4 4D       		.byte	77
 241 00d5 06       		.byte	6
 242 00d6 4F       		.byte	79
 243 00d7 50       		.byte	80
 244 00d8 55       		.byte	85
 245 00d9 08       		.byte	8
 246 00da 56       		.byte	86
 247 00db 11       		.byte	17
 248 00dc 57       		.byte	87
 249 00dd 01       		.byte	1
 250 00de 64       		.byte	100
 251 00df 80       		.byte	-128
 252 00e0 6C       		.byte	108
 253 00e1 11       		.byte	17
 254 00e2 6D       		.byte	109
 255 00e3 01       		.byte	1
 256 00e4 6E       		.byte	110
 257 00e5 04       		.byte	4
 258 00e6 6F       		.byte	111
 259 00e7 15       		.byte	21
 260 00e8 74       		.byte	116
 261 00e9 80       		.byte	-128
 262 00ea 75       		.byte	117
 263 00eb 80       		.byte	-128
 264 00ec 94       		.byte	-108
 265 00ed 62       		.byte	98
 266 00ee 95       		.byte	-107
 267 00ef 01       		.byte	1
 268 00f0 97       		.byte	-105
 269 00f1 08       		.byte	8
 270 00f2 98       		.byte	-104
 271 00f3 80       		.byte	-128
 272 00f4 99       		.byte	-103
 273 00f5 28       		.byte	40
 274 00f6 9E       		.byte	-98
 275 00f7 11       		.byte	17
 276 00f8 9F       		.byte	-97
 277 00f9 0C       		.byte	12
 278 00fa A2       		.byte	-94
 279 00fb 10       		.byte	16
 280 00fc A4       		.byte	-92
 281 00fd 80       		.byte	-128
 282 00fe A5       		.byte	-91
 283 00ff 2C       		.byte	44
 284 0100 A6       		.byte	-90
 285 0101 84       		.byte	-124
ARM GAS  C:\Users\HANNAL~1\AppData\Local\Temp\cccAj42q.s 			page 6


 286 0102 AE       		.byte	-82
 287 0103 40       		.byte	64
 288 0104 AF       		.byte	-81
 289 0105 10       		.byte	16
 290 0106 C0       		.byte	-64
 291 0107 F0       		.byte	-16
 292 0108 C2       		.byte	-62
 293 0109 F1       		.byte	-15
 294 010a C4       		.byte	-60
 295 010b 79       		.byte	121
 296 010c CA       		.byte	-54
 297 010d D0       		.byte	-48
 298 010e CC       		.byte	-52
 299 010f F0       		.byte	-16
 300 0110 CE       		.byte	-50
 301 0111 E0       		.byte	-32
 302 0112 D0       		.byte	-48
 303 0113 E0       		.byte	-32
 304 0114 D2       		.byte	-46
 305 0115 30       		.byte	48
 306 0116 D8       		.byte	-40
 307 0117 80       		.byte	-128
 308 0118 06       		.byte	6
 309 0119 15       		.byte	21
 310 011a 07       		.byte	7
 311 011b 20       		.byte	32
 312 011c 08       		.byte	8
 313 011d 13       		.byte	19
 314 011e 09       		.byte	9
 315 011f 04       		.byte	4
 316 0120 0A       		.byte	10
 317 0121 0C       		.byte	12
 318 0122 0B       		.byte	11
 319 0123 39       		.byte	57
 320 0124 0D       		.byte	13
 321 0125 0E       		.byte	14
 322 0126 0E       		.byte	14
 323 0127 08       		.byte	8
 324 0128 10       		.byte	16
 325 0129 20       		.byte	32
 326 012a 18       		.byte	24
 327 012b 0A       		.byte	10
 328 012c 1A       		.byte	26
 329 012d 14       		.byte	20
 330 012e 20       		.byte	32
 331 012f 13       		.byte	19
 332 0130 22       		.byte	34
 333 0131 04       		.byte	4
 334 0132 25       		.byte	37
 335 0133 05       		.byte	5
 336 0134 27       		.byte	39
 337 0135 3A       		.byte	58
 338 0136 28       		.byte	40
 339 0137 03       		.byte	3
 340 0138 29       		.byte	41
 341 0139 13       		.byte	19
 342 013a 2A       		.byte	42
ARM GAS  C:\Users\HANNAL~1\AppData\Local\Temp\cccAj42q.s 			page 7


 343 013b 14       		.byte	20
 344 013c 2B       		.byte	43
 345 013d 04       		.byte	4
 346 013e 30       		.byte	48
 347 013f 10       		.byte	16
 348 0140 32       		.byte	50
 349 0141 20       		.byte	32
 350 0142 33       		.byte	51
 351 0143 30       		.byte	48
 352 0144 34       		.byte	52
 353 0145 0F       		.byte	15
 354 0146 37       		.byte	55
 355 0147 0F       		.byte	15
 356 0148 39       		.byte	57
 357 0149 80       		.byte	-128
 358 014a 3A       		.byte	58
 359 014b 20       		.byte	32
 360 014c 3E       		.byte	62
 361 014d 05       		.byte	5
 362 014e 40       		.byte	64
 363 014f 62       		.byte	98
 364 0150 41       		.byte	65
 365 0151 04       		.byte	4
 366 0152 45       		.byte	69
 367 0153 0B       		.byte	11
 368 0154 46       		.byte	70
 369 0155 0E       		.byte	14
 370 0156 47       		.byte	71
 371 0157 0C       		.byte	12
 372 0158 48       		.byte	72
 373 0159 15       		.byte	21
 374 015a 49       		.byte	73
 375 015b FF       		.byte	-1
 376 015c 4A       		.byte	74
 377 015d FF       		.byte	-1
 378 015e 4B       		.byte	75
 379 015f FF       		.byte	-1
 380 0160 4E       		.byte	78
 381 0161 F0       		.byte	-16
 382 0162 4F       		.byte	79
 383 0163 44       		.byte	68
 384 0164 50       		.byte	80
 385 0165 0C       		.byte	12
 386 0166 54       		.byte	84
 387 0167 01       		.byte	1
 388 0168 56       		.byte	86
 389 0169 04       		.byte	4
 390 016a 58       		.byte	88
 391 016b 04       		.byte	4
 392 016c 59       		.byte	89
 393 016d 04       		.byte	4
 394 016e 5A       		.byte	90
 395 016f 04       		.byte	4
 396 0170 5B       		.byte	91
 397 0171 04       		.byte	4
 398 0172 5C       		.byte	92
 399 0173 12       		.byte	18
ARM GAS  C:\Users\HANNAL~1\AppData\Local\Temp\cccAj42q.s 			page 8


 400 0174 5D       		.byte	93
 401 0175 22       		.byte	34
 402 0176 5F       		.byte	95
 403 0177 01       		.byte	1
 404 0178 66       		.byte	102
 405 0179 C0       		.byte	-64
 406 017a 6A       		.byte	106
 407 017b 40       		.byte	64
 408 017c 6B       		.byte	107
 409 017d 02       		.byte	2
 410 017e 80       		.byte	-128
 411 017f 0D       		.byte	13
 412 0180 82       		.byte	-126
 413 0181 80       		.byte	-128
 414 0182 84       		.byte	-124
 415 0183 42       		.byte	66
 416 0184 85       		.byte	-123
 417 0185 05       		.byte	5
 418 0186 86       		.byte	-122
 419 0187 08       		.byte	8
 420 0188 87       		.byte	-121
 421 0189 0A       		.byte	10
 422 018a 88       		.byte	-120
 423 018b 8D       		.byte	-115
 424 018c 8D       		.byte	-115
 425 018d 02       		.byte	2
 426 018e 8F       		.byte	-113
 427 018f 0D       		.byte	13
 428 0190 90       		.byte	-112
 429 0191 02       		.byte	2
 430 0192 92       		.byte	-110
 431 0193 0D       		.byte	13
 432 0194 95       		.byte	-107
 433 0195 03       		.byte	3
 434 0196 96       		.byte	-106
 435 0197 80       		.byte	-128
 436 0198 97       		.byte	-105
 437 0199 0C       		.byte	12
 438 019a 98       		.byte	-104
 439 019b 62       		.byte	98
 440 019c 99       		.byte	-103
 441 019d 09       		.byte	9
 442 019e 9A       		.byte	-102
 443 019f 14       		.byte	20
 444 01a0 9B       		.byte	-101
 445 01a1 06       		.byte	6
 446 01a2 9C       		.byte	-100
 447 01a3 8D       		.byte	-115
 448 01a4 A0       		.byte	-96
 449 01a5 8D       		.byte	-115
 450 01a6 A4       		.byte	-92
 451 01a7 8D       		.byte	-115
 452 01a8 A8       		.byte	-88
 453 01a9 11       		.byte	17
 454 01aa AA       		.byte	-86
 455 01ab 22       		.byte	34
 456 01ac AC       		.byte	-84
ARM GAS  C:\Users\HANNAL~1\AppData\Local\Temp\cccAj42q.s 			page 9


 457 01ad 40       		.byte	64
 458 01ae B0       		.byte	-80
 459 01af 0F       		.byte	15
 460 01b0 B2       		.byte	-78
 461 01b1 70       		.byte	112
 462 01b2 B4       		.byte	-76
 463 01b3 80       		.byte	-128
 464 01b4 B7       		.byte	-73
 465 01b5 0F       		.byte	15
 466 01b6 B9       		.byte	-71
 467 01b7 08       		.byte	8
 468 01b8 BA       		.byte	-70
 469 01b9 0A       		.byte	10
 470 01ba BB       		.byte	-69
 471 01bb 80       		.byte	-128
 472 01bc BE       		.byte	-66
 473 01bd 10       		.byte	16
 474 01be BF       		.byte	-65
 475 01bf 04       		.byte	4
 476 01c0 D4       		.byte	-44
 477 01c1 40       		.byte	64
 478 01c2 D8       		.byte	-40
 479 01c3 04       		.byte	4
 480 01c4 D9       		.byte	-39
 481 01c5 04       		.byte	4
 482 01c6 DB       		.byte	-37
 483 01c7 04       		.byte	4
 484 01c8 DC       		.byte	-36
 485 01c9 11       		.byte	17
 486 01ca DD       		.byte	-35
 487 01cb 10       		.byte	16
 488 01cc DF       		.byte	-33
 489 01cd 01       		.byte	1
 490 01ce 00       		.byte	0
 491 01cf 44       		.byte	68
 492 01d0 01       		.byte	1
 493 01d1 20       		.byte	32
 494 01d2 04       		.byte	4
 495 01d3 22       		.byte	34
 496 01d4 06       		.byte	6
 497 01d5 20       		.byte	32
 498 01d6 08       		.byte	8
 499 01d7 82       		.byte	-126
 500 01d8 09       		.byte	9
 501 01d9 40       		.byte	64
 502 01da 0B       		.byte	11
 503 01db 88       		.byte	-120
 504 01dc 0C       		.byte	12
 505 01dd 80       		.byte	-128
 506 01de 0D       		.byte	13
 507 01df 08       		.byte	8
 508 01e0 0E       		.byte	14
 509 01e1 48       		.byte	72
 510 01e2 0F       		.byte	15
 511 01e3 10       		.byte	16
 512 01e4 10       		.byte	16
 513 01e5 08       		.byte	8
ARM GAS  C:\Users\HANNAL~1\AppData\Local\Temp\cccAj42q.s 			page 10


 514 01e6 12       		.byte	18
 515 01e7 80       		.byte	-128
 516 01e8 13       		.byte	19
 517 01e9 20       		.byte	32
 518 01ea 14       		.byte	20
 519 01eb 08       		.byte	8
 520 01ec 15       		.byte	21
 521 01ed 01       		.byte	1
 522 01ee 16       		.byte	22
 523 01ef 01       		.byte	1
 524 01f0 17       		.byte	23
 525 01f1 04       		.byte	4
 526 01f2 19       		.byte	25
 527 01f3 24       		.byte	36
 528 01f4 1A       		.byte	26
 529 01f5 80       		.byte	-128
 530 01f6 1C       		.byte	28
 531 01f7 10       		.byte	16
 532 01f8 1E       		.byte	30
 533 01f9 60       		.byte	96
 534 01fa 1F       		.byte	31
 535 01fb 10       		.byte	16
 536 01fc 21       		.byte	33
 537 01fd 44       		.byte	68
 538 01fe 25       		.byte	37
 539 01ff 40       		.byte	64
 540 0200 26       		.byte	38
 541 0201 08       		.byte	8
 542 0202 28       		.byte	40
 543 0203 08       		.byte	8
 544 0204 2A       		.byte	42
 545 0205 08       		.byte	8
 546 0206 34       		.byte	52
 547 0207 08       		.byte	8
 548 0208 36       		.byte	54
 549 0209 10       		.byte	16
 550 020a 37       		.byte	55
 551 020b 08       		.byte	8
 552 020c 38       		.byte	56
 553 020d 10       		.byte	16
 554 020e 39       		.byte	57
 555 020f 88       		.byte	-120
 556 0210 3A       		.byte	58
 557 0211 20       		.byte	32
 558 0212 3D       		.byte	61
 559 0213 88       		.byte	-120
 560 0214 3E       		.byte	62
 561 0215 08       		.byte	8
 562 0216 40       		.byte	64
 563 0217 04       		.byte	4
 564 0218 41       		.byte	65
 565 0219 21       		.byte	33
 566 021a 49       		.byte	73
 567 021b 28       		.byte	40
 568 021c 50       		.byte	80
 569 021d 08       		.byte	8
 570 021e 53       		.byte	83
ARM GAS  C:\Users\HANNAL~1\AppData\Local\Temp\cccAj42q.s 			page 11


 571 021f 40       		.byte	64
 572 0220 58       		.byte	88
 573 0221 02       		.byte	2
 574 0222 59       		.byte	89
 575 0223 04       		.byte	4
 576 0224 5A       		.byte	90
 577 0225 80       		.byte	-128
 578 0226 5B       		.byte	91
 579 0227 20       		.byte	32
 580 0228 63       		.byte	99
 581 0229 80       		.byte	-128
 582 022a 66       		.byte	102
 583 022b 50       		.byte	80
 584 022c 67       		.byte	103
 585 022d 20       		.byte	32
 586 022e 79       		.byte	121
 587 022f 02       		.byte	2
 588 0230 7A       		.byte	122
 589 0231 80       		.byte	-128
 590 0232 83       		.byte	-125
 591 0233 40       		.byte	64
 592 0234 85       		.byte	-123
 593 0235 04       		.byte	4
 594 0236 A6       		.byte	-90
 595 0237 08       		.byte	8
 596 0238 C0       		.byte	-64
 597 0239 77       		.byte	119
 598 023a C2       		.byte	-62
 599 023b FA       		.byte	-6
 600 023c C4       		.byte	-60
 601 023d FA       		.byte	-6
 602 023e CA       		.byte	-54
 603 023f 06       		.byte	6
 604 0240 CC       		.byte	-52
 605 0241 60       		.byte	96
 606 0242 CE       		.byte	-50
 607 0243 5E       		.byte	94
 608 0244 D0       		.byte	-48
 609 0245 05       		.byte	5
 610 0246 D2       		.byte	-46
 611 0247 04       		.byte	4
 612 0248 D6       		.byte	-42
 613 0249 0F       		.byte	15
 614 024a D8       		.byte	-40
 615 024b 71       		.byte	113
 616 024c E0       		.byte	-32
 617 024d 08       		.byte	8
 618 024e A6       		.byte	-90
 619 024f 08       		.byte	8
 620 0250 8E       		.byte	-114
 621 0251 08       		.byte	8
 622 0252 EC       		.byte	-20
 623 0253 10       		.byte	16
 624 0254 E6       		.byte	-26
 625 0255 01       		.byte	1
 626 0256 01       		.byte	1
 627 0257 10       		.byte	16
ARM GAS  C:\Users\HANNAL~1\AppData\Local\Temp\cccAj42q.s 			page 12


 628 0258 04       		.byte	4
 629 0259 1C       		.byte	28
 630 025a 06       		.byte	6
 631 025b 23       		.byte	35
 632 025c 08       		.byte	8
 633 025d 21       		.byte	33
 634 025e 0A       		.byte	10
 635 025f 16       		.byte	22
 636 0260 0E       		.byte	14
 637 0261 1C       		.byte	28
 638 0262 11       		.byte	17
 639 0263 09       		.byte	9
 640 0264 13       		.byte	19
 641 0265 10       		.byte	16
 642 0266 15       		.byte	21
 643 0267 14       		.byte	20
 644 0268 19       		.byte	25
 645 0269 10       		.byte	16
 646 026a 1B       		.byte	27
 647 026b 0C       		.byte	12
 648 026c 1E       		.byte	30
 649 026d 08       		.byte	8
 650 026e 1F       		.byte	31
 651 026f 03       		.byte	3
 652 0270 24       		.byte	36
 653 0271 40       		.byte	64
 654 0272 26       		.byte	38
 655 0273 03       		.byte	3
 656 0274 29       		.byte	41
 657 0275 1C       		.byte	28
 658 0276 2B       		.byte	43
 659 0277 02       		.byte	2
 660 0278 2C       		.byte	44
 661 0279 21       		.byte	33
 662 027a 2D       		.byte	45
 663 027b 0C       		.byte	12
 664 027c 2E       		.byte	46
 665 027d 0E       		.byte	14
 666 027e 2F       		.byte	47
 667 027f 11       		.byte	17
 668 0280 30       		.byte	48
 669 0281 60       		.byte	96
 670 0282 31       		.byte	49
 671 0283 1F       		.byte	31
 672 0284 32       		.byte	50
 673 0285 0F       		.byte	15
 674 0286 36       		.byte	54
 675 0287 1A       		.byte	26
 676 0288 38       		.byte	56
 677 0289 02       		.byte	2
 678 028a 3A       		.byte	58
 679 028b A8       		.byte	-88
 680 028c 40       		.byte	64
 681 028d 03       		.byte	3
 682 028e 45       		.byte	69
 683 028f 40       		.byte	64
 684 0290 49       		.byte	73
ARM GAS  C:\Users\HANNAL~1\AppData\Local\Temp\cccAj42q.s 			page 13


 685 0291 FF       		.byte	-1
 686 0292 4A       		.byte	74
 687 0293 07       		.byte	7
 688 0294 4B       		.byte	75
 689 0295 FF       		.byte	-1
 690 0296 4C       		.byte	76
 691 0297 40       		.byte	64
 692 0298 4D       		.byte	77
 693 0299 20       		.byte	32
 694 029a 4E       		.byte	78
 695 029b F0       		.byte	-16
 696 029c 4F       		.byte	79
 697 029d 05       		.byte	5
 698 029e 50       		.byte	80
 699 029f 08       		.byte	8
 700 02a0 54       		.byte	84
 701 02a1 09       		.byte	9
 702 02a2 58       		.byte	88
 703 02a3 04       		.byte	4
 704 02a4 59       		.byte	89
 705 02a5 04       		.byte	4
 706 02a6 5A       		.byte	90
 707 02a7 04       		.byte	4
 708 02a8 5B       		.byte	91
 709 02a9 04       		.byte	4
 710 02aa 5C       		.byte	92
 711 02ab 22       		.byte	34
 712 02ac 5D       		.byte	93
 713 02ad 12       		.byte	18
 714 02ae 5F       		.byte	95
 715 02af 01       		.byte	1
 716 02b0 60       		.byte	96
 717 02b1 40       		.byte	64
 718 02b2 61       		.byte	97
 719 02b3 A8       		.byte	-88
 720 02b4 62       		.byte	98
 721 02b5 40       		.byte	64
 722 02b6 63       		.byte	99
 723 02b7 20       		.byte	32
 724 02b8 83       		.byte	-125
 725 02b9 02       		.byte	2
 726 02ba 84       		.byte	-124
 727 02bb 7E       		.byte	126
 728 02bc 88       		.byte	-120
 729 02bd 7E       		.byte	126
 730 02be 8C       		.byte	-116
 731 02bf 28       		.byte	40
 732 02c0 8D       		.byte	-115
 733 02c1 01       		.byte	1
 734 02c2 8E       		.byte	-114
 735 02c3 12       		.byte	18
 736 02c4 90       		.byte	-112
 737 02c5 02       		.byte	2
 738 02c6 92       		.byte	-110
 739 02c7 0C       		.byte	12
 740 02c8 94       		.byte	-108
 741 02c9 01       		.byte	1
ARM GAS  C:\Users\HANNAL~1\AppData\Local\Temp\cccAj42q.s 			page 14


 742 02ca 97       		.byte	-105
 743 02cb 02       		.byte	2
 744 02cc 98       		.byte	-104
 745 02cd 01       		.byte	1
 746 02ce A0       		.byte	-96
 747 02cf 40       		.byte	64
 748 02d0 A6       		.byte	-90
 749 02d1 01       		.byte	1
 750 02d2 AA       		.byte	-86
 751 02d3 01       		.byte	1
 752 02d4 AC       		.byte	-84
 753 02d5 14       		.byte	20
 754 02d6 AE       		.byte	-82
 755 02d7 22       		.byte	34
 756 02d8 B0       		.byte	-80
 757 02d9 30       		.byte	48
 758 02da B1       		.byte	-79
 759 02db 02       		.byte	2
 760 02dc B2       		.byte	-78
 761 02dd 40       		.byte	64
 762 02de B4       		.byte	-76
 763 02df 0E       		.byte	14
 764 02e0 B5       		.byte	-75
 765 02e1 01       		.byte	1
 766 02e2 B6       		.byte	-74
 767 02e3 01       		.byte	1
 768 02e4 B8       		.byte	-72
 769 02e5 80       		.byte	-128
 770 02e6 BF       		.byte	-65
 771 02e7 11       		.byte	17
 772 02e8 D4       		.byte	-44
 773 02e9 18       		.byte	24
 774 02ea D6       		.byte	-42
 775 02eb 04       		.byte	4
 776 02ec D8       		.byte	-40
 777 02ed 04       		.byte	4
 778 02ee D9       		.byte	-39
 779 02ef 04       		.byte	4
 780 02f0 DB       		.byte	-37
 781 02f1 04       		.byte	4
 782 02f2 DC       		.byte	-36
 783 02f3 02       		.byte	2
 784 02f4 DD       		.byte	-35
 785 02f5 20       		.byte	32
 786 02f6 DF       		.byte	-33
 787 02f7 01       		.byte	1
 788 02f8 00       		.byte	0
 789 02f9 28       		.byte	40
 790 02fa 03       		.byte	3
 791 02fb 02       		.byte	2
 792 02fc 04       		.byte	4
 793 02fd 40       		.byte	64
 794 02fe 05       		.byte	5
 795 02ff 24       		.byte	36
 796 0300 09       		.byte	9
 797 0301 01       		.byte	1
 798 0302 0A       		.byte	10
ARM GAS  C:\Users\HANNAL~1\AppData\Local\Temp\cccAj42q.s 			page 15


 799 0303 08       		.byte	8
 800 0304 0B       		.byte	11
 801 0305 20       		.byte	32
 802 0306 0F       		.byte	15
 803 0307 02       		.byte	2
 804 0308 10       		.byte	16
 805 0309 06       		.byte	6
 806 030a 12       		.byte	18
 807 030b 20       		.byte	32
 808 030c 13       		.byte	19
 809 030d 02       		.byte	2
 810 030e 14       		.byte	20
 811 030f 01       		.byte	1
 812 0310 16       		.byte	22
 813 0311 20       		.byte	32
 814 0312 17       		.byte	23
 815 0313 40       		.byte	64
 816 0314 18       		.byte	24
 817 0315 08       		.byte	8
 818 0316 1A       		.byte	26
 819 0317 01       		.byte	1
 820 0318 1B       		.byte	27
 821 0319 0A       		.byte	10
 822 031a 1C       		.byte	28
 823 031b 40       		.byte	64
 824 031c 1D       		.byte	29
 825 031d 95       		.byte	-107
 826 031e 1F       		.byte	31
 827 031f 14       		.byte	20
 828 0320 22       		.byte	34
 829 0321 02       		.byte	2
 830 0322 23       		.byte	35
 831 0323 08       		.byte	8
 832 0324 24       		.byte	36
 833 0325 80       		.byte	-128
 834 0326 27       		.byte	39
 835 0327 80       		.byte	-128
 836 0328 2C       		.byte	44
 837 0329 01       		.byte	1
 838 032a 2F       		.byte	47
 839 032b 04       		.byte	4
 840 032c 31       		.byte	49
 841 032d 80       		.byte	-128
 842 032e 32       		.byte	50
 843 032f 88       		.byte	-120
 844 0330 33       		.byte	51
 845 0331 40       		.byte	64
 846 0332 35       		.byte	53
 847 0333 29       		.byte	41
 848 0334 37       		.byte	55
 849 0335 80       		.byte	-128
 850 0336 38       		.byte	56
 851 0337 80       		.byte	-128
 852 0338 39       		.byte	57
 853 0339 02       		.byte	2
 854 033a 3F       		.byte	63
 855 033b 02       		.byte	2
ARM GAS  C:\Users\HANNAL~1\AppData\Local\Temp\cccAj42q.s 			page 16


 856 033c 45       		.byte	69
 857 033d 08       		.byte	8
 858 033e 49       		.byte	73
 859 033f 40       		.byte	64
 860 0340 4A       		.byte	74
 861 0341 02       		.byte	2
 862 0342 4F       		.byte	79
 863 0343 02       		.byte	2
 864 0344 55       		.byte	85
 865 0345 20       		.byte	32
 866 0346 56       		.byte	86
 867 0347 20       		.byte	32
 868 0348 5A       		.byte	90
 869 0349 02       		.byte	2
 870 034a 5D       		.byte	93
 871 034b 14       		.byte	20
 872 034c 5E       		.byte	94
 873 034d 42       		.byte	66
 874 034e 60       		.byte	96
 875 034f 80       		.byte	-128
 876 0350 61       		.byte	97
 877 0351 40       		.byte	64
 878 0352 63       		.byte	99
 879 0353 08       		.byte	8
 880 0354 67       		.byte	103
 881 0355 02       		.byte	2
 882 0356 80       		.byte	-128
 883 0357 80       		.byte	-128
 884 0358 87       		.byte	-121
 885 0359 08       		.byte	8
 886 035a 8D       		.byte	-115
 887 035b 12       		.byte	18
 888 035c 91       		.byte	-111
 889 035d 14       		.byte	20
 890 035e 92       		.byte	-110
 891 035f C0       		.byte	-64
 892 0360 93       		.byte	-109
 893 0361 02       		.byte	2
 894 0362 94       		.byte	-108
 895 0363 40       		.byte	64
 896 0364 96       		.byte	-106
 897 0365 01       		.byte	1
 898 0366 97       		.byte	-105
 899 0367 08       		.byte	8
 900 0368 99       		.byte	-103
 901 0369 28       		.byte	40
 902 036a 9E       		.byte	-98
 903 036b 40       		.byte	64
 904 036c A2       		.byte	-94
 905 036d 01       		.byte	1
 906 036e A3       		.byte	-93
 907 036f 04       		.byte	4
 908 0370 A4       		.byte	-92
 909 0371 02       		.byte	2
 910 0372 A5       		.byte	-91
 911 0373 20       		.byte	32
 912 0374 A6       		.byte	-90
ARM GAS  C:\Users\HANNAL~1\AppData\Local\Temp\cccAj42q.s 			page 17


 913 0375 80       		.byte	-128
 914 0376 AD       		.byte	-83
 915 0377 02       		.byte	2
 916 0378 B1       		.byte	-79
 917 0379 10       		.byte	16
 918 037a B3       		.byte	-77
 919 037b 01       		.byte	1
 920 037c B4       		.byte	-76
 921 037d 04       		.byte	4
 922 037e B5       		.byte	-75
 923 037f 04       		.byte	4
 924 0380 B6       		.byte	-74
 925 0381 01       		.byte	1
 926 0382 C0       		.byte	-64
 927 0383 E7       		.byte	-25
 928 0384 C2       		.byte	-62
 929 0385 8E       		.byte	-114
 930 0386 C4       		.byte	-60
 931 0387 AF       		.byte	-81
 932 0388 CA       		.byte	-54
 933 0389 30       		.byte	48
 934 038a CC       		.byte	-52
 935 038b F2       		.byte	-14
 936 038c CE       		.byte	-50
 937 038d 89       		.byte	-119
 938 038e D0       		.byte	-48
 939 038f 40       		.byte	64
 940 0390 D6       		.byte	-42
 941 0391 F1       		.byte	-15
 942 0392 D8       		.byte	-40
 943 0393 1D       		.byte	29
 944 0394 E0       		.byte	-32
 945 0395 08       		.byte	8
 946 0396 EA       		.byte	-22
 947 0397 02       		.byte	2
 948 0398 84       		.byte	-124
 949 0399 02       		.byte	2
 950 039a 88       		.byte	-120
 951 039b 03       		.byte	3
 952 039c 9C       		.byte	-100
 953 039d 03       		.byte	3
 954 039e A6       		.byte	-90
 955 039f 01       		.byte	1
 956 03a0 B2       		.byte	-78
 957 03a1 03       		.byte	3
 958 03a2 B8       		.byte	-72
 959 03a3 08       		.byte	8
 960 03a4 BE       		.byte	-66
 961 03a5 04       		.byte	4
 962 03a6 D8       		.byte	-40
 963 03a7 04       		.byte	4
 964 03a8 DF       		.byte	-33
 965 03a9 01       		.byte	1
 966 03aa 00       		.byte	0
 967 03ab 02       		.byte	2
 968 03ac 01       		.byte	1
 969 03ad 03       		.byte	3
ARM GAS  C:\Users\HANNAL~1\AppData\Local\Temp\cccAj42q.s 			page 18


 970 03ae 03       		.byte	3
 971 03af 2A       		.byte	42
 972 03b0 05       		.byte	5
 973 03b1 24       		.byte	36
 974 03b2 08       		.byte	8
 975 03b3 14       		.byte	20
 976 03b4 09       		.byte	9
 977 03b5 21       		.byte	33
 978 03b6 0A       		.byte	10
 979 03b7 10       		.byte	16
 980 03b8 0B       		.byte	11
 981 03b9 80       		.byte	-128
 982 03ba 0D       		.byte	13
 983 03bb 80       		.byte	-128
 984 03bc 10       		.byte	16
 985 03bd 22       		.byte	34
 986 03be 13       		.byte	19
 987 03bf 21       		.byte	33
 988 03c0 16       		.byte	22
 989 03c1 20       		.byte	32
 990 03c2 18       		.byte	24
 991 03c3 01       		.byte	1
 992 03c4 19       		.byte	25
 993 03c5 01       		.byte	1
 994 03c6 1A       		.byte	26
 995 03c7 18       		.byte	24
 996 03c8 1B       		.byte	27
 997 03c9 20       		.byte	32
 998 03ca 1D       		.byte	29
 999 03cb 08       		.byte	8
 1000 03cc 21       		.byte	33
 1001 03cd 20       		.byte	32
 1002 03ce 22       		.byte	34
 1003 03cf 29       		.byte	41
 1004 03d0 28       		.byte	40
 1005 03d1 14       		.byte	20
 1006 03d2 2A       		.byte	42
 1007 03d3 02       		.byte	2
 1008 03d4 2B       		.byte	43
 1009 03d5 02       		.byte	2
 1010 03d6 30       		.byte	48
 1011 03d7 02       		.byte	2
 1012 03d8 32       		.byte	50
 1013 03d9 40       		.byte	64
 1014 03da 33       		.byte	51
 1015 03db 28       		.byte	40
 1016 03dc 38       		.byte	56
 1017 03dd 28       		.byte	40
 1018 03de 39       		.byte	57
 1019 03df 01       		.byte	1
 1020 03e0 3B       		.byte	59
 1021 03e1 80       		.byte	-128
 1022 03e2 40       		.byte	64
 1023 03e3 01       		.byte	1
 1024 03e4 43       		.byte	67
 1025 03e5 28       		.byte	40
 1026 03e6 48       		.byte	72
ARM GAS  C:\Users\HANNAL~1\AppData\Local\Temp\cccAj42q.s 			page 19


 1027 03e7 01       		.byte	1
 1028 03e8 4A       		.byte	74
 1029 03e9 08       		.byte	8
 1030 03ea 51       		.byte	81
 1031 03eb 01       		.byte	1
 1032 03ec 52       		.byte	82
 1033 03ed 40       		.byte	64
 1034 03ee 59       		.byte	89
 1035 03ef 01       		.byte	1
 1036 03f0 68       		.byte	104
 1037 03f1 14       		.byte	20
 1038 03f2 6B       		.byte	107
 1039 03f3 02       		.byte	2
 1040 03f4 70       		.byte	112
 1041 03f5 34       		.byte	52
 1042 03f6 72       		.byte	114
 1043 03f7 02       		.byte	2
 1044 03f8 73       		.byte	115
 1045 03f9 21       		.byte	33
 1046 03fa 92       		.byte	-110
 1047 03fb 80       		.byte	-128
 1048 03fc 95       		.byte	-107
 1049 03fd 02       		.byte	2
 1050 03fe 96       		.byte	-106
 1051 03ff 0A       		.byte	10
 1052 0400 99       		.byte	-103
 1053 0401 26       		.byte	38
 1054 0402 9A       		.byte	-102
 1055 0403 20       		.byte	32
 1056 0404 9C       		.byte	-100
 1057 0405 04       		.byte	4
 1058 0406 9E       		.byte	-98
 1059 0407 40       		.byte	64
 1060 0408 9F       		.byte	-97
 1061 0409 02       		.byte	2
 1062 040a A0       		.byte	-96
 1063 040b 02       		.byte	2
 1064 040c A1       		.byte	-95
 1065 040d 81       		.byte	-127
 1066 040e A3       		.byte	-93
 1067 040f 0A       		.byte	10
 1068 0410 A4       		.byte	-92
 1069 0411 14       		.byte	20
 1070 0412 A5       		.byte	-91
 1071 0413 08       		.byte	8
 1072 0414 A6       		.byte	-90
 1073 0415 28       		.byte	40
 1074 0416 B0       		.byte	-80
 1075 0417 02       		.byte	2
 1076 0418 B4       		.byte	-76
 1077 0419 04       		.byte	4
 1078 041a B5       		.byte	-75
 1079 041b 01       		.byte	1
 1080 041c C0       		.byte	-64
 1081 041d 6F       		.byte	111
 1082 041e C2       		.byte	-62
 1083 041f 8E       		.byte	-114
ARM GAS  C:\Users\HANNAL~1\AppData\Local\Temp\cccAj42q.s 			page 20


 1084 0420 C4       		.byte	-60
 1085 0421 2F       		.byte	47
 1086 0422 CA       		.byte	-54
 1087 0423 0F       		.byte	15
 1088 0424 CC       		.byte	-52
 1089 0425 0F       		.byte	15
 1090 0426 CE       		.byte	-50
 1091 0427 0F       		.byte	15
 1092 0428 D0       		.byte	-48
 1093 0429 0E       		.byte	14
 1094 042a D2       		.byte	-46
 1095 042b 0C       		.byte	12
 1096 042c D6       		.byte	-42
 1097 042d 01       		.byte	1
 1098 042e EC       		.byte	-20
 1099 042f 10       		.byte	16
 1100 0430 32       		.byte	50
 1101 0431 40       		.byte	64
 1102 0432 35       		.byte	53
 1103 0433 80       		.byte	-128
 1104 0434 CC       		.byte	-52
 1105 0435 30       		.byte	48
 1106 0436 96       		.byte	-106
 1107 0437 80       		.byte	-128
 1108 0438 9D       		.byte	-99
 1109 0439 80       		.byte	-128
 1110 043a 81       		.byte	-127
 1111 043b 80       		.byte	-128
 1112 043c 96       		.byte	-106
 1113 043d 80       		.byte	-128
 1114 043e 9D       		.byte	-99
 1115 043f 80       		.byte	-128
 1116 0440 E2       		.byte	-30
 1117 0441 20       		.byte	32
 1118 0442 96       		.byte	-106
 1119 0443 80       		.byte	-128
 1120 0444 7D       		.byte	125
 1121 0445 08       		.byte	8
 1122 0446 8D       		.byte	-115
 1123 0447 04       		.byte	4
 1124 0448 DE       		.byte	-34
 1125 0449 01       		.byte	1
 1126 044a E4       		.byte	-28
 1127 044b 02       		.byte	2
 1128 044c 08       		.byte	8
 1129 044d 01       		.byte	1
 1130 044e 52       		.byte	82
 1131 044f 08       		.byte	8
 1132 0450 65       		.byte	101
 1133 0451 80       		.byte	-128
 1134 0452 C2       		.byte	-62
 1135 0453 08       		.byte	8
 1136 0454 D4       		.byte	-44
 1137 0455 04       		.byte	4
 1138 0456 D6       		.byte	-42
 1139 0457 01       		.byte	1
 1140 0458 45       		.byte	69
ARM GAS  C:\Users\HANNAL~1\AppData\Local\Temp\cccAj42q.s 			page 21


 1141 0459 08       		.byte	8
 1142 045a 86       		.byte	-122
 1143 045b 08       		.byte	8
 1144 045c 98       		.byte	-104
 1145 045d 01       		.byte	1
 1146 045e 9D       		.byte	-99
 1147 045f 80       		.byte	-128
 1148 0460 A6       		.byte	-90
 1149 0461 08       		.byte	8
 1150 0462 D0       		.byte	-48
 1151 0463 01       		.byte	1
 1152 0464 98       		.byte	-104
 1153 0465 01       		.byte	1
 1154 0466 9D       		.byte	-99
 1155 0467 80       		.byte	-128
 1156 0468 A5       		.byte	-91
 1157 0469 08       		.byte	8
 1158 046a 25       		.byte	37
 1159 046b 10       		.byte	16
 1160 046c 82       		.byte	-126
 1161 046d 40       		.byte	64
 1162 046e 96       		.byte	-106
 1163 046f 80       		.byte	-128
 1164 0470 C8       		.byte	-56
 1165 0471 20       		.byte	32
 1166 0472 E6       		.byte	-26
 1167 0473 80       		.byte	-128
 1168 0474 B5       		.byte	-75
 1169 0475 10       		.byte	16
 1170 0476 09       		.byte	9
 1171 0477 20       		.byte	32
 1172 0478 58       		.byte	88
 1173 0479 04       		.byte	4
 1174 047a 84       		.byte	-124
 1175 047b 04       		.byte	4
 1176 047c A5       		.byte	-91
 1177 047d 08       		.byte	8
 1178 047e AC       		.byte	-84
 1179 047f 01       		.byte	1
 1180 0480 B5       		.byte	-75
 1181 0481 80       		.byte	-128
 1182 0482 C2       		.byte	-62
 1183 0483 02       		.byte	2
 1184 0484 D6       		.byte	-42
 1185 0485 02       		.byte	2
 1186 0486 EC       		.byte	-20
 1187 0487 02       		.byte	2
 1188 0488 B1       		.byte	-79
 1189 0489 20       		.byte	32
 1190 048a B5       		.byte	-75
 1191 048b 08       		.byte	8
 1192 048c EC       		.byte	-20
 1193 048d 08       		.byte	8
 1194 048e EE       		.byte	-18
 1195 048f 01       		.byte	1
 1196 0490 00       		.byte	0
 1197 0491 06       		.byte	6
ARM GAS  C:\Users\HANNAL~1\AppData\Local\Temp\cccAj42q.s 			page 22


 1198 0492 0C       		.byte	12
 1199 0493 06       		.byte	6
 1200 0494 10       		.byte	16
 1201 0495 06       		.byte	6
 1202 0496 1C       		.byte	28
 1203 0497 06       		.byte	6
 1204 0498 00       		.byte	0
 1205 0499 0F       		.byte	15
 1206 049a 00       		.byte	0
 1207 049b 00       		.byte	0
 1208 049c 60       		.byte	96
 1209 049d 02       		.byte	2
 1210 049e 00       		.byte	0
 1211 049f 00       		.byte	0
 1212 04a0 01       		.byte	1
 1213 04a1 98       		.byte	-104
 1214 04a2 00       		.byte	0
 1215 04a3 02       		.byte	2
 1216 04a4 07       		.byte	7
 1217 04a5 FC       		.byte	-4
 1218 04a6 38       		.byte	56
 1219 04a7 03       		.byte	3
 1220 04a8 04       		.byte	4
 1221 04a9 00       		.byte	0
 1222 04aa 80       		.byte	-128
 1223 04ab 00       		.byte	0
 1224 04ac 04       		.byte	4
 1225 04ad 98       		.byte	-104
 1226 04ae 00       		.byte	0
 1227 04af 02       		.byte	2
 1228 04b0 56       		.byte	86
 1229 04b1 02       		.byte	2
 1230 04b2 09       		.byte	9
 1231 04b3 98       		.byte	-104
 1232 04b4 0A       		.byte	10
 1233 04b5 21       		.byte	33
 1234 04b6 10       		.byte	16
 1235 04b7 D8       		.byte	-40
 1236 04b8 84       		.byte	-124
 1237 04b9 38       		.byte	56
 1238 04ba 00       		.byte	0
 1239 04bb C0       		.byte	-64
 1240 04bc 84       		.byte	-124
 1241 04bd 9A       		.byte	-102
 1242 04be 00       		.byte	0
 1243 04bf 00       		.byte	0
 1244 04c0 80       		.byte	-128
 1245 04c1 13       		.byte	19
 1246 04c2 04       		.byte	4
 1247 04c3 64       		.byte	100
 1248 04c4 84       		.byte	-124
 1249 04c5 00       		.byte	0
 1250 04c6 00       		.byte	0
 1251 04c7 00       		.byte	0
 1252 04c8 00       		.byte	0
 1253 04c9 9A       		.byte	-102
 1254 04ca 00       		.byte	0
ARM GAS  C:\Users\HANNAL~1\AppData\Local\Temp\cccAj42q.s 			page 23


 1255 04cb 00       		.byte	0
 1256 04cc 02       		.byte	2
 1257 04cd 00       		.byte	0
 1258 04ce 80       		.byte	-128
 1259 04cf 0F       		.byte	15
 1260 04d0 7F       		.byte	127
 1261 04d1 13       		.byte	19
 1262 04d2 08       		.byte	8
 1263 04d3 E0       		.byte	-32
 1264 04d4 20       		.byte	32
 1265 04d5 00       		.byte	0
 1266 04d6 00       		.byte	0
 1267 04d7 88       		.byte	-120
 1268 04d8 00       		.byte	0
 1269 04d9 00       		.byte	0
 1270 04da 45       		.byte	69
 1271 04db 00       		.byte	0
 1272 04dc 36       		.byte	54
 1273 04dd 02       		.byte	2
 1274 04de 50       		.byte	80
 1275 04df 00       		.byte	0
 1276 04e0 04       		.byte	4
 1277 04e1 BE       		.byte	-66
 1278 04e2 F0       		.byte	-16
 1279 04e3 CD       		.byte	-51
 1280 04e4 3B       		.byte	59
 1281 04e5 FF       		.byte	-1
 1282 04e6 FF       		.byte	-1
 1283 04e7 FF       		.byte	-1
 1284 04e8 22       		.byte	34
 1285 04e9 00       		.byte	0
 1286 04ea F0       		.byte	-16
 1287 04eb 08       		.byte	8
 1288 04ec 04       		.byte	4
 1289 04ed 00       		.byte	0
 1290 04ee 00       		.byte	0
 1291 04ef 00       		.byte	0
 1292 04f0 00       		.byte	0
 1293 04f1 00       		.byte	0
 1294 04f2 02       		.byte	2
 1295 04f3 2C       		.byte	44
 1296 04f4 04       		.byte	4
 1297 04f5 04       		.byte	4
 1298 04f6 04       		.byte	4
 1299 04f7 04       		.byte	4
 1300 04f8 11       		.byte	17
 1301 04f9 11       		.byte	17
 1302 04fa 00       		.byte	0
 1303 04fb 01       		.byte	1
 1304 04fc 00       		.byte	0
 1305 04fd 00       		.byte	0
 1306 04fe C0       		.byte	-64
 1307 04ff 00       		.byte	0
 1308 0500 40       		.byte	64
 1309 0501 01       		.byte	1
 1310 0502 10       		.byte	16
 1311 0503 11       		.byte	17
ARM GAS  C:\Users\HANNAL~1\AppData\Local\Temp\cccAj42q.s 			page 24


 1312 0504 C0       		.byte	-64
 1313 0505 01       		.byte	1
 1314 0506 00       		.byte	0
 1315 0507 11       		.byte	17
 1316 0508 40       		.byte	64
 1317 0509 01       		.byte	1
 1318 050a 40       		.byte	64
 1319 050b 01       		.byte	1
 1320 050c 00       		.byte	0
 1321 050d 00       		.byte	0
 1322 050e 00       		.byte	0
 1323 050f 00       		.byte	0
 1324 0510 00       		.byte	0
 1325 0511 00       		.byte	0
 1326 0512 00       		.byte	0
 1327 0513 00       		.byte	0
 1328 0514 00       		.byte	0
 1329 0515 00       		.byte	0
 1330 0516 00       		.byte	0
 1331 0517 00       		.byte	0
 1332 0518 00       		.byte	0
 1333 0519 00       		.byte	0
 1334 051a 00       		.byte	0
 1335 051b 00       		.byte	0
 1336 051c 3F       		.byte	63
 1337 051d FF       		.byte	-1
 1338 051e 00       		.byte	0
 1339 051f 00       		.byte	0
 1340 0520 33       		.byte	51
 1341 0521 18       		.byte	24
 1342 0522 0C       		.byte	12
 1343 0523 00       		.byte	0
 1344 0524 00       		.byte	0
 1345 0525 08       		.byte	8
 1346 0526 23       		.byte	35
 1347 0527 00       		.byte	0
 1348 0528 02       		.byte	2
 1349 0529 C0       		.byte	-64
 1350 052a 80       		.byte	-128
 1351 052b 00       		.byte	0
 1352 052c 03       		.byte	3
 1353 052d 44       		.byte	68
 1354 052e 40       		.byte	64
 1355 052f 00       		.byte	0
 1356 0530 1F       		.byte	31
 1357 0531 00       		.byte	0
 1358 0532 20       		.byte	32
 1359 0533 E3       		.byte	-29
 1360 0534 1C       		.byte	28
 1361 0535 E7       		.byte	-25
 1362 0536 23       		.byte	35
 1363 0537 18       		.byte	24
 1364 0538 00       		.byte	0
 1365 0539 00       		.byte	0
 1366 053a 00       		.byte	0
 1367 053b 04       		.byte	4
 1368 053c 08       		.byte	8
ARM GAS  C:\Users\HANNAL~1\AppData\Local\Temp\cccAj42q.s 			page 25


 1369 053d 10       		.byte	16
 1370 053e 00       		.byte	0
 1371 053f 00       		.byte	0
 1372 0540 04       		.byte	4
 1373 0541 3C       		.byte	60
 1374 0542 00       		.byte	0
 1375 0543 C2       		.byte	-62
 1376 0544 0C       		.byte	12
 1377 0545 1C       		.byte	28
 1378 0546 00       		.byte	0
 1379 0547 E1       		.byte	-31
 1380 0548 01       		.byte	1
 1381 0549 80       		.byte	-128
 1382 054a 80       		.byte	-128
 1383 054b 00       		.byte	0
 1384 054c 10       		.byte	16
 1385 054d C0       		.byte	-64
 1386 054e 2C       		.byte	44
 1387 054f 38       		.byte	56
 1388 0550 0F       		.byte	15
 1389 0551 1F       		.byte	31
 1390 0552 C0       		.byte	-64
 1391 0553 00       		.byte	0
 1392 0554 00       		.byte	0
 1393 0555 00       		.byte	0
 1394 0556 28       		.byte	40
 1395 0557 20       		.byte	32
 1396 0558 00       		.byte	0
 1397 0559 00       		.byte	0
 1398 055a 41       		.byte	65
 1399 055b 00       		.byte	0
 1400 055c 23       		.byte	35
 1401 055d 05       		.byte	5
 1402 055e 06       		.byte	6
 1403 055f 00       		.byte	0
 1404 0560 01       		.byte	1
 1405 0561 00       		.byte	0
 1406 0562 0E       		.byte	14
 1407 0563 C0       		.byte	-64
 1408 0564 24       		.byte	36
 1409 0565 FF       		.byte	-1
 1410 0566 FF       		.byte	-1
 1411 0567 FF       		.byte	-1
 1412 0568 62       		.byte	98
 1413 0569 A0       		.byte	-96
 1414 056a F0       		.byte	-16
 1415 056b 41       		.byte	65
 1416 056c 0C       		.byte	12
 1417 056d 00       		.byte	0
 1418 056e 00       		.byte	0
 1419 056f 00       		.byte	0
 1420 0570 00       		.byte	0
 1421 0571 00       		.byte	0
 1422 0572 02       		.byte	2
 1423 0573 13       		.byte	19
 1424 0574 04       		.byte	4
 1425 0575 04       		.byte	4
ARM GAS  C:\Users\HANNAL~1\AppData\Local\Temp\cccAj42q.s 			page 26


 1426 0576 04       		.byte	4
 1427 0577 04       		.byte	4
 1428 0578 22       		.byte	34
 1429 0579 22       		.byte	34
 1430 057a 00       		.byte	0
 1431 057b 01       		.byte	1
 1432 057c 00       		.byte	0
 1433 057d 00       		.byte	0
 1434 057e 00       		.byte	0
 1435 057f 00       		.byte	0
 1436 0580 00       		.byte	0
 1437 0581 00       		.byte	0
 1438 0582 40       		.byte	64
 1439 0583 02       		.byte	2
 1440 0584 00       		.byte	0
 1441 0585 10       		.byte	16
 1442 0586 30       		.byte	48
 1443 0587 10       		.byte	16
 1444 0588 00       		.byte	0
 1445 0589 10       		.byte	16
 1446 058a 10       		.byte	16
 1447 058b 12       		.byte	18
 1448 058c 00       		.byte	0
 1449 058d 00       		.byte	0
 1450 058e 00       		.byte	0
 1451 058f 00       		.byte	0
 1452 0590 00       		.byte	0
 1453 0591 00       		.byte	0
 1454 0592 00       		.byte	0
 1455 0593 00       		.byte	0
 1456 0594 00       		.byte	0
 1457 0595 00       		.byte	0
 1458 0596 00       		.byte	0
 1459 0597 00       		.byte	0
 1460 0598 00       		.byte	0
 1461 0599 00       		.byte	0
 1462 059a 00       		.byte	0
 1463 059b 00       		.byte	0
 1464 059c 00       		.byte	0
 1465 059d 00       		.byte	0
 1466 059e 00       		.byte	0
 1467 059f 00       		.byte	0
 1468 05a0 00       		.byte	0
 1469 05a1 00       		.byte	0
 1470 05a2 C0       		.byte	-64
 1471 05a3 00       		.byte	0
 1472 05a4 10       		.byte	16
 1473 05a5 00       		.byte	0
 1474 05a6 40       		.byte	64
 1475 05a7 10       		.byte	16
 1476 05a8 10       		.byte	16
 1477 05a9 00       		.byte	0
 1478 05aa 10       		.byte	16
 1479 05ab 00       		.byte	0
 1480 05ac 00       		.byte	0
 1481 05ad 00       		.byte	0
 1482 05ae 00       		.byte	0
ARM GAS  C:\Users\HANNAL~1\AppData\Local\Temp\cccAj42q.s 			page 27


 1483 05af 00       		.byte	0
 1484 05b0 10       		.byte	16
 1485 05b1 CE       		.byte	-50
 1486 05b2 CE       		.byte	-50
 1487 05b3 00       		.byte	0
 1488 05b4 48       		.byte	72
 1489 05b5 00       		.byte	0
 1490 05b6 00       		.byte	0
 1491 05b7 00       		.byte	0
 1492 05b8 95       		.byte	-107
 1493 05b9 00       		.byte	0
 1494 05ba 18       		.byte	24
 1495 05bb 01       		.byte	1
 1496              		.section	.cywolatch,"a",%progbits
 1497              		.align	2
 1498              		.type	cy_meta_wonvl, %object
 1499              		.size	cy_meta_wonvl, 4
 1500              	cy_meta_wonvl:
 1501 0000 BC       		.byte	-68
 1502 0001 90       		.byte	-112
 1503 0002 AC       		.byte	-84
 1504 0003 AF       		.byte	-81
 1505              		.section	.cycustnvl,"a",%progbits
 1506              		.align	2
 1507              		.type	cy_meta_custnvl, %object
 1508              		.size	cy_meta_custnvl, 4
 1509              	cy_meta_custnvl:
 1510 0000 00       		.byte	0
 1511 0001 00       		.byte	0
 1512 0002 40       		.byte	64
 1513 0003 05       		.byte	5
 1514              		.section	.cymeta,"a",%progbits
 1515              		.align	2
 1516              		.type	cy_metadata, %object
 1517              		.size	cy_metadata, 12
 1518              	cy_metadata:
 1519 0000 00       		.byte	0
 1520 0001 01       		.byte	1
 1521 0002 2E       		.byte	46
 1522 0003 16       		.byte	22
 1523 0004 10       		.byte	16
 1524 0005 69       		.byte	105
 1525 0006 00       		.byte	0
 1526 0007 01       		.byte	1
 1527 0008 00       		.byte	0
 1528 0009 00       		.byte	0
 1529 000a 00       		.byte	0
 1530 000b 00       		.byte	0
 1531              		.section	.cyflashprotect,"a",%progbits
 1532              		.align	2
 1533              		.type	cy_meta_flashprotect, %object
 1534              		.size	cy_meta_flashprotect, 256
 1535              	cy_meta_flashprotect:
 1536 0000 00000000 		.space	256
 1536      00000000 
 1536      00000000 
 1536      00000000 
ARM GAS  C:\Users\HANNAL~1\AppData\Local\Temp\cccAj42q.s 			page 28


 1536      00000000 
 1537              		.text
 1538              	.Letext0:
 1539              		.file 1 ".\\Generated_Source\\PSoC5\\cymetadata.c"
 1540              		.file 2 ".\\Generated_Source\\PSoC5\\cytypes.h"
 1541              		.section	.debug_info,"",%progbits
 1542              	.Ldebug_info0:
 1543 0000 39010000 		.4byte	0x139
 1544 0004 0400     		.2byte	0x4
 1545 0006 00000000 		.4byte	.Ldebug_abbrev0
 1546 000a 04       		.byte	0x4
 1547 000b 01       		.uleb128 0x1
 1548 000c 94000000 		.4byte	.LASF18
 1549 0010 01       		.byte	0x1
 1550 0011 00000000 		.4byte	.LASF19
 1551 0015 AA010000 		.4byte	.LASF20
 1552 0019 00000000 		.4byte	.Ldebug_line0
 1553 001d 02       		.uleb128 0x2
 1554 001e 01       		.byte	0x1
 1555 001f 06       		.byte	0x6
 1556 0020 9E010000 		.4byte	.LASF0
 1557 0024 02       		.uleb128 0x2
 1558 0025 01       		.byte	0x1
 1559 0026 08       		.byte	0x8
 1560 0027 38000000 		.4byte	.LASF1
 1561 002b 02       		.uleb128 0x2
 1562 002c 02       		.byte	0x2
 1563 002d 05       		.byte	0x5
 1564 002e 85010000 		.4byte	.LASF2
 1565 0032 02       		.uleb128 0x2
 1566 0033 02       		.byte	0x2
 1567 0034 07       		.byte	0x7
 1568 0035 58000000 		.4byte	.LASF3
 1569 0039 02       		.uleb128 0x2
 1570 003a 04       		.byte	0x4
 1571 003b 05       		.byte	0x5
 1572 003c 95010000 		.4byte	.LASF4
 1573 0040 02       		.uleb128 0x2
 1574 0041 04       		.byte	0x4
 1575 0042 07       		.byte	0x7
 1576 0043 46000000 		.4byte	.LASF5
 1577 0047 02       		.uleb128 0x2
 1578 0048 08       		.byte	0x8
 1579 0049 05       		.byte	0x5
 1580 004a 72010000 		.4byte	.LASF6
 1581 004e 02       		.uleb128 0x2
 1582 004f 08       		.byte	0x8
 1583 0050 07       		.byte	0x7
 1584 0051 2F010000 		.4byte	.LASF7
 1585 0055 03       		.uleb128 0x3
 1586 0056 04       		.byte	0x4
 1587 0057 05       		.byte	0x5
 1588 0058 696E7400 		.ascii	"int\000"
 1589 005c 02       		.uleb128 0x2
 1590 005d 04       		.byte	0x4
 1591 005e 07       		.byte	0x7
 1592 005f 22010000 		.4byte	.LASF8
ARM GAS  C:\Users\HANNAL~1\AppData\Local\Temp\cccAj42q.s 			page 29


 1593 0063 04       		.uleb128 0x4
 1594 0064 8F010000 		.4byte	.LASF21
 1595 0068 02       		.byte	0x2
 1596 0069 3801     		.2byte	0x138
 1597 006b 24000000 		.4byte	0x24
 1598 006f 02       		.uleb128 0x2
 1599 0070 04       		.byte	0x4
 1600 0071 04       		.byte	0x4
 1601 0072 32000000 		.4byte	.LASF9
 1602 0076 02       		.uleb128 0x2
 1603 0077 08       		.byte	0x8
 1604 0078 04       		.byte	0x4
 1605 0079 6B000000 		.4byte	.LASF10
 1606 007d 02       		.uleb128 0x2
 1607 007e 01       		.byte	0x1
 1608 007f 08       		.byte	0x8
 1609 0080 80010000 		.4byte	.LASF11
 1610 0084 05       		.uleb128 0x5
 1611 0085 63000000 		.4byte	0x63
 1612 0089 95000000 		.4byte	0x95
 1613 008d 06       		.uleb128 0x6
 1614 008e 95000000 		.4byte	0x95
 1615 0092 BB05     		.2byte	0x5bb
 1616 0094 00       		.byte	0
 1617 0095 02       		.uleb128 0x2
 1618 0096 04       		.byte	0x4
 1619 0097 07       		.byte	0x7
 1620 0098 69010000 		.4byte	.LASF12
 1621 009c 07       		.uleb128 0x7
 1622 009d 82000000 		.4byte	.LASF13
 1623 00a1 01       		.byte	0x1
 1624 00a2 1F       		.byte	0x1f
 1625 00a3 AD000000 		.4byte	0xad
 1626 00a7 05       		.uleb128 0x5
 1627 00a8 03       		.byte	0x3
 1628 00a9 00000000 		.4byte	cy_meta_configecc
 1629 00ad 08       		.uleb128 0x8
 1630 00ae 84000000 		.4byte	0x84
 1631 00b2 05       		.uleb128 0x5
 1632 00b3 63000000 		.4byte	0x63
 1633 00b7 C2000000 		.4byte	0xc2
 1634 00bb 09       		.uleb128 0x9
 1635 00bc 95000000 		.4byte	0x95
 1636 00c0 03       		.byte	0x3
 1637 00c1 00       		.byte	0
 1638 00c2 07       		.uleb128 0x7
 1639 00c3 72000000 		.4byte	.LASF14
 1640 00c7 01       		.byte	0x1
 1641 00c8 E4       		.byte	0xe4
 1642 00c9 D3000000 		.4byte	0xd3
 1643 00cd 05       		.uleb128 0x5
 1644 00ce 03       		.byte	0x3
 1645 00cf 00000000 		.4byte	cy_meta_custnvl
 1646 00d3 08       		.uleb128 0x8
 1647 00d4 B2000000 		.4byte	0xb2
 1648 00d8 07       		.uleb128 0x7
 1649 00d9 5B010000 		.4byte	.LASF15
ARM GAS  C:\Users\HANNAL~1\AppData\Local\Temp\cccAj42q.s 			page 30


 1650 00dd 01       		.byte	0x1
 1651 00de F2       		.byte	0xf2
 1652 00df E9000000 		.4byte	0xe9
 1653 00e3 05       		.uleb128 0x5
 1654 00e4 03       		.byte	0x3
 1655 00e5 00000000 		.4byte	cy_meta_wonvl
 1656 00e9 08       		.uleb128 0x8
 1657 00ea B2000000 		.4byte	0xb2
 1658 00ee 05       		.uleb128 0x5
 1659 00ef 63000000 		.4byte	0x63
 1660 00f3 FE000000 		.4byte	0xfe
 1661 00f7 09       		.uleb128 0x9
 1662 00f8 95000000 		.4byte	0x95
 1663 00fc FF       		.byte	0xff
 1664 00fd 00       		.byte	0
 1665 00fe 0A       		.uleb128 0xa
 1666 00ff 46010000 		.4byte	.LASF16
 1667 0103 01       		.byte	0x1
 1668 0104 0001     		.2byte	0x100
 1669 0106 10010000 		.4byte	0x110
 1670 010a 05       		.uleb128 0x5
 1671 010b 03       		.byte	0x3
 1672 010c 00000000 		.4byte	cy_meta_flashprotect
 1673 0110 08       		.uleb128 0x8
 1674 0111 EE000000 		.4byte	0xee
 1675 0115 05       		.uleb128 0x5
 1676 0116 63000000 		.4byte	0x63
 1677 011a 25010000 		.4byte	0x125
 1678 011e 09       		.uleb128 0x9
 1679 011f 95000000 		.4byte	0x95
 1680 0123 0B       		.byte	0xb
 1681 0124 00       		.byte	0
 1682 0125 0A       		.uleb128 0xa
 1683 0126 26000000 		.4byte	.LASF17
 1684 012a 01       		.byte	0x1
 1685 012b 2D01     		.2byte	0x12d
 1686 012d 37010000 		.4byte	0x137
 1687 0131 05       		.uleb128 0x5
 1688 0132 03       		.byte	0x3
 1689 0133 00000000 		.4byte	cy_metadata
 1690 0137 08       		.uleb128 0x8
 1691 0138 15010000 		.4byte	0x115
 1692 013c 00       		.byte	0
 1693              		.section	.debug_abbrev,"",%progbits
 1694              	.Ldebug_abbrev0:
 1695 0000 01       		.uleb128 0x1
 1696 0001 11       		.uleb128 0x11
 1697 0002 01       		.byte	0x1
 1698 0003 25       		.uleb128 0x25
 1699 0004 0E       		.uleb128 0xe
 1700 0005 13       		.uleb128 0x13
 1701 0006 0B       		.uleb128 0xb
 1702 0007 03       		.uleb128 0x3
 1703 0008 0E       		.uleb128 0xe
 1704 0009 1B       		.uleb128 0x1b
 1705 000a 0E       		.uleb128 0xe
 1706 000b 10       		.uleb128 0x10
ARM GAS  C:\Users\HANNAL~1\AppData\Local\Temp\cccAj42q.s 			page 31


 1707 000c 17       		.uleb128 0x17
 1708 000d 00       		.byte	0
 1709 000e 00       		.byte	0
 1710 000f 02       		.uleb128 0x2
 1711 0010 24       		.uleb128 0x24
 1712 0011 00       		.byte	0
 1713 0012 0B       		.uleb128 0xb
 1714 0013 0B       		.uleb128 0xb
 1715 0014 3E       		.uleb128 0x3e
 1716 0015 0B       		.uleb128 0xb
 1717 0016 03       		.uleb128 0x3
 1718 0017 0E       		.uleb128 0xe
 1719 0018 00       		.byte	0
 1720 0019 00       		.byte	0
 1721 001a 03       		.uleb128 0x3
 1722 001b 24       		.uleb128 0x24
 1723 001c 00       		.byte	0
 1724 001d 0B       		.uleb128 0xb
 1725 001e 0B       		.uleb128 0xb
 1726 001f 3E       		.uleb128 0x3e
 1727 0020 0B       		.uleb128 0xb
 1728 0021 03       		.uleb128 0x3
 1729 0022 08       		.uleb128 0x8
 1730 0023 00       		.byte	0
 1731 0024 00       		.byte	0
 1732 0025 04       		.uleb128 0x4
 1733 0026 16       		.uleb128 0x16
 1734 0027 00       		.byte	0
 1735 0028 03       		.uleb128 0x3
 1736 0029 0E       		.uleb128 0xe
 1737 002a 3A       		.uleb128 0x3a
 1738 002b 0B       		.uleb128 0xb
 1739 002c 3B       		.uleb128 0x3b
 1740 002d 05       		.uleb128 0x5
 1741 002e 49       		.uleb128 0x49
 1742 002f 13       		.uleb128 0x13
 1743 0030 00       		.byte	0
 1744 0031 00       		.byte	0
 1745 0032 05       		.uleb128 0x5
 1746 0033 01       		.uleb128 0x1
 1747 0034 01       		.byte	0x1
 1748 0035 49       		.uleb128 0x49
 1749 0036 13       		.uleb128 0x13
 1750 0037 01       		.uleb128 0x1
 1751 0038 13       		.uleb128 0x13
 1752 0039 00       		.byte	0
 1753 003a 00       		.byte	0
 1754 003b 06       		.uleb128 0x6
 1755 003c 21       		.uleb128 0x21
 1756 003d 00       		.byte	0
 1757 003e 49       		.uleb128 0x49
 1758 003f 13       		.uleb128 0x13
 1759 0040 2F       		.uleb128 0x2f
 1760 0041 05       		.uleb128 0x5
 1761 0042 00       		.byte	0
 1762 0043 00       		.byte	0
 1763 0044 07       		.uleb128 0x7
ARM GAS  C:\Users\HANNAL~1\AppData\Local\Temp\cccAj42q.s 			page 32


 1764 0045 34       		.uleb128 0x34
 1765 0046 00       		.byte	0
 1766 0047 03       		.uleb128 0x3
 1767 0048 0E       		.uleb128 0xe
 1768 0049 3A       		.uleb128 0x3a
 1769 004a 0B       		.uleb128 0xb
 1770 004b 3B       		.uleb128 0x3b
 1771 004c 0B       		.uleb128 0xb
 1772 004d 49       		.uleb128 0x49
 1773 004e 13       		.uleb128 0x13
 1774 004f 3F       		.uleb128 0x3f
 1775 0050 19       		.uleb128 0x19
 1776 0051 02       		.uleb128 0x2
 1777 0052 18       		.uleb128 0x18
 1778 0053 00       		.byte	0
 1779 0054 00       		.byte	0
 1780 0055 08       		.uleb128 0x8
 1781 0056 26       		.uleb128 0x26
 1782 0057 00       		.byte	0
 1783 0058 49       		.uleb128 0x49
 1784 0059 13       		.uleb128 0x13
 1785 005a 00       		.byte	0
 1786 005b 00       		.byte	0
 1787 005c 09       		.uleb128 0x9
 1788 005d 21       		.uleb128 0x21
 1789 005e 00       		.byte	0
 1790 005f 49       		.uleb128 0x49
 1791 0060 13       		.uleb128 0x13
 1792 0061 2F       		.uleb128 0x2f
 1793 0062 0B       		.uleb128 0xb
 1794 0063 00       		.byte	0
 1795 0064 00       		.byte	0
 1796 0065 0A       		.uleb128 0xa
 1797 0066 34       		.uleb128 0x34
 1798 0067 00       		.byte	0
 1799 0068 03       		.uleb128 0x3
 1800 0069 0E       		.uleb128 0xe
 1801 006a 3A       		.uleb128 0x3a
 1802 006b 0B       		.uleb128 0xb
 1803 006c 3B       		.uleb128 0x3b
 1804 006d 05       		.uleb128 0x5
 1805 006e 49       		.uleb128 0x49
 1806 006f 13       		.uleb128 0x13
 1807 0070 3F       		.uleb128 0x3f
 1808 0071 19       		.uleb128 0x19
 1809 0072 02       		.uleb128 0x2
 1810 0073 18       		.uleb128 0x18
 1811 0074 00       		.byte	0
 1812 0075 00       		.byte	0
 1813 0076 00       		.byte	0
 1814              		.section	.debug_aranges,"",%progbits
 1815 0000 14000000 		.4byte	0x14
 1816 0004 0200     		.2byte	0x2
 1817 0006 00000000 		.4byte	.Ldebug_info0
 1818 000a 04       		.byte	0x4
 1819 000b 00       		.byte	0
 1820 000c 0000     		.2byte	0
ARM GAS  C:\Users\HANNAL~1\AppData\Local\Temp\cccAj42q.s 			page 33


 1821 000e 0000     		.2byte	0
 1822 0010 00000000 		.4byte	0
 1823 0014 00000000 		.4byte	0
 1824              		.section	.debug_line,"",%progbits
 1825              	.Ldebug_line0:
 1826 0000 4F000000 		.section	.debug_str,"MS",%progbits,1
 1826      02004900 
 1826      00000201 
 1826      FB0E0D00 
 1826      01010101 
 1827              	.LASF19:
 1828 0000 2E5C4765 		.ascii	".\\Generated_Source\\PSoC5\\cymetadata.c\000"
 1828      6E657261 
 1828      7465645F 
 1828      536F7572 
 1828      63655C50 
 1829              	.LASF17:
 1830 0026 63795F6D 		.ascii	"cy_metadata\000"
 1830      65746164 
 1830      61746100 
 1831              	.LASF9:
 1832 0032 666C6F61 		.ascii	"float\000"
 1832      7400
 1833              	.LASF1:
 1834 0038 756E7369 		.ascii	"unsigned char\000"
 1834      676E6564 
 1834      20636861 
 1834      7200
 1835              	.LASF5:
 1836 0046 6C6F6E67 		.ascii	"long unsigned int\000"
 1836      20756E73 
 1836      69676E65 
 1836      6420696E 
 1836      7400
 1837              	.LASF3:
 1838 0058 73686F72 		.ascii	"short unsigned int\000"
 1838      7420756E 
 1838      7369676E 
 1838      65642069 
 1838      6E7400
 1839              	.LASF10:
 1840 006b 646F7562 		.ascii	"double\000"
 1840      6C6500
 1841              	.LASF14:
 1842 0072 63795F6D 		.ascii	"cy_meta_custnvl\000"
 1842      6574615F 
 1842      63757374 
 1842      6E766C00 
 1843              	.LASF13:
 1844 0082 63795F6D 		.ascii	"cy_meta_configecc\000"
 1844      6574615F 
 1844      636F6E66 
 1844      69676563 
 1844      6300
 1845              	.LASF18:
 1846 0094 474E5520 		.ascii	"GNU C 4.9.3 20150303 (release) [ARM/embedded-4_9-br"
 1846      4320342E 
ARM GAS  C:\Users\HANNAL~1\AppData\Local\Temp\cccAj42q.s 			page 34


 1846      392E3320 
 1846      32303135 
 1846      30333033 
 1847 00c7 616E6368 		.ascii	"anch revision 221220] -mcpu=cortex-m3 -mthumb -g -O"
 1847      20726576 
 1847      6973696F 
 1847      6E203232 
 1847      31323230 
 1848 00fa 67202D66 		.ascii	"g -ffunction-sections -ffat-lto-objects\000"
 1848      66756E63 
 1848      74696F6E 
 1848      2D736563 
 1848      74696F6E 
 1849              	.LASF8:
 1850 0122 756E7369 		.ascii	"unsigned int\000"
 1850      676E6564 
 1850      20696E74 
 1850      00
 1851              	.LASF7:
 1852 012f 6C6F6E67 		.ascii	"long long unsigned int\000"
 1852      206C6F6E 
 1852      6720756E 
 1852      7369676E 
 1852      65642069 
 1853              	.LASF16:
 1854 0146 63795F6D 		.ascii	"cy_meta_flashprotect\000"
 1854      6574615F 
 1854      666C6173 
 1854      6870726F 
 1854      74656374 
 1855              	.LASF15:
 1856 015b 63795F6D 		.ascii	"cy_meta_wonvl\000"
 1856      6574615F 
 1856      776F6E76 
 1856      6C00
 1857              	.LASF12:
 1858 0169 73697A65 		.ascii	"sizetype\000"
 1858      74797065 
 1858      00
 1859              	.LASF6:
 1860 0172 6C6F6E67 		.ascii	"long long int\000"
 1860      206C6F6E 
 1860      6720696E 
 1860      7400
 1861              	.LASF11:
 1862 0180 63686172 		.ascii	"char\000"
 1862      00
 1863              	.LASF2:
 1864 0185 73686F72 		.ascii	"short int\000"
 1864      7420696E 
 1864      7400
 1865              	.LASF21:
 1866 018f 75696E74 		.ascii	"uint8\000"
 1866      3800
 1867              	.LASF4:
 1868 0195 6C6F6E67 		.ascii	"long int\000"
 1868      20696E74 
ARM GAS  C:\Users\HANNAL~1\AppData\Local\Temp\cccAj42q.s 			page 35


 1868      00
 1869              	.LASF0:
 1870 019e 7369676E 		.ascii	"signed char\000"
 1870      65642063 
 1870      68617200 
 1871              	.LASF20:
 1872 01aa 433A5C55 		.ascii	"C:\\Users\\Hanna Lee\\Documents\\PSoC Creator\\fina"
 1872      73657273 
 1872      5C48616E 
 1872      6E61204C 
 1872      65655C44 
 1873 01d8 6C5F7072 		.ascii	"l_project\\MiniPsocRF.cydsn\000"
 1873      6F6A6563 
 1873      745C4D69 
 1873      6E695073 
 1873      6F635246 
 1874              		.ident	"GCC: (GNU Tools for ARM Embedded Processors) 4.9.3 20150303 (release) [ARM/embedded-4_9-br
